[www.w3schools.com/cs/cs_access_modifiers.html]
[backblue.gif]
[fade.gif]
[index.html]
[www.w3schools.com/apple-touch-icon.png]
[www.w3schools.com/favicon-32x32.png]
[www.w3schools.com/favicon-16x16.png]
[www.w3schools.com/lib/topnav/main44e3.css]
[www.w3schools.com/lib/my-learning/main5ab0.css]
[www.w3schools.com/lib/pathfinder/main2c70.css]
[www.w3schools.com/lib/w3schools32f700.css]
[www.w3schools.com/plus/plans/main.css]
[www.w3schools.com/lib/prism1.css]
[www.w3schools.com/lib/prism2.js]
[www.w3schools.com/lib/uic3447.js]
[cdn.snigelweb.com/adengine/w3schools.com/loader.js]
[www.w3schools.com/lib/common-deps3447.js]
[www.w3schools.com/lib/my-learning/main0ca8.js]
[www.w3schools.com/lib/user-session4fae.js]
[www.w3schools.com/cs/index.html]
[www.w3schools.com/cs/cs_exercises.html]
[www.w3schools.com/cs/cs_quiz.html]
[www.w3schools.com/cs/trycs4c57.html]
[www.w3schools.com/cs/cs_server.html]
[www.w3schools.com/cs/cs_data_types.html]
[www.w3schools.com/cs/cs_intro.html]
[www.w3schools.com/cs/cs_getstarted.html]
[www.w3schools.com/cs/cs_syntax.html]
[www.w3schools.com/cs/cs_comments.html]
[www.w3schools.com/cs/cs_output.html]
[www.w3schools.com/cs/cs_variables_constants.html]
[www.w3schools.com/cs/cs_variables.html]
[www.w3schools.com/cs/cs_variables_display.html]
[www.w3schools.com/cs/cs_variables_multiple.html]
[www.w3schools.com/cs/cs_user_input.html]
[www.w3schools.com/cs/cs_operators.html]
[www.w3schools.com/cs/cs_operators_assignment.html]
[www.w3schools.com/cs/cs_variables_identifiers.html]
[www.w3schools.com/cs/cs_type_casting.html]
[www.w3schools.com/cs/cs_strings.html]
[www.w3schools.com/cs/cs_strings_concat.html]
[www.w3schools.com/cs/cs_math.html]
[www.w3schools.com/cs/cs_operators_comparison.html]
[www.w3schools.com/cs/cs_strings_interpol.html]
[www.w3schools.com/cs/cs_strings_access.html]
[www.w3schools.com/cs/cs_booleans.html]
[www.w3schools.com/cs/cs_conditions.html]
[www.w3schools.com/cs/cs_conditions_else.html]
[www.w3schools.com/cs/cs_operators_logical.html]
[www.w3schools.com/cs/cs_switch.html]
[www.w3schools.com/cs/cs_conditions_elseif.html]
[www.w3schools.com/cs/cs_while_loop.html]
[www.w3schools.com/cs/cs_conditions_shorthand.html]
[www.w3schools.com/cs/cs_for_loop.html]
[www.w3schools.com/cs/cs_foreach_loop.html]
[www.w3schools.com/cs/cs_break.html]
[www.w3schools.com/cs/cs_arrays_sort.html]
[www.w3schools.com/cs/cs_arrays_loop.html]
[www.w3schools.com/cs/cs_arrays_multi.html]
[www.w3schools.com/cs/cs_methods.html]
[www.w3schools.com/cs/cs_method_parameters_default.html]
[www.w3schools.com/cs/cs_method_parameters.html]
[www.w3schools.com/cs/cs_method_parameters_return.html]
[www.w3schools.com/cs/cs_method_parameters_named_args.html]
[www.w3schools.com/cs/cs_oop.html]
[www.w3schools.com/cs/cs_classes.html]
[www.w3schools.com/cs/cs_classes_multi.html]
[www.w3schools.com/cs/cs_method_overloading.html]
[www.w3schools.com/cs/cs_constructors.html]
[www.w3schools.com/cs/cs_inheritance.html]
[www.w3schools.com/cs/cs_polymorphism.html]
[www.w3schools.com/cs/cs_abstract.html]
[www.w3schools.com/cs/cs_properties.html]
[www.w3schools.com/cs/cs_interface.html]
[www.w3schools.com/cs/cs_interface_multi.html]
[www.w3schools.com/cs/cs_exceptions.html]
[www.w3schools.com/cs/cs_examples.html]
[www.w3schools.com/cs/cs_compiler.html]
[www.w3schools.com/cs/cs_exam.html]
[www.w3schools.com/cs/trycsd88a.html]
[www.w3schools.com/cs/cs_files.html]
[www.w3schools.com/cs/trycs_multi2f35.html]
[www.w3schools.com/lib/topnav/maine5ea.js]
[www.w3schools.com/lib/w3schools_footerc82e.js]
[www.w3schools.com/cs/trycs_multi7d33.html]
[www.w3schools.com/lib/w3schools_features43b3.js]
[www.w3schools.com/cs/cs_access_modifiers.html]
[www.w3schools.com/lib/topnav/main44e3.css]
[www.w3schools.com/lib/my-learning/main5ab0.css]
[www.w3schools.com/lib/pathfinder/image/lynx-path-left-side.png]
[www.w3schools.com/lib/pathfinder/main2c70.css]
[www.w3schools.com/lib/fonts/source-code-pro-v14-latin-regular.eot]
[www.w3schools.com/lib/fonts/source-code-pro-v14-latin-regulard41d.eot]
[www.w3schools.com/lib/fonts/source-code-pro-v14-latin-regular.woff2]
[www.w3schools.com/lib/pathfinder/image/lynx-path-right-side.png]
[www.w3schools.com/lib/fonts/source-code-pro-v14-latin-regular.woff]
[www.w3schools.com/lib/fonts/source-code-pro-v14-latin-regular.svg]
[www.w3schools.com/lib/fonts/roboto-mono-v13-latin-500.eot]
[www.w3schools.com/lib/fonts/source-code-pro-v14-latin-regular.ttf]
[www.w3schools.com/lib/fonts/roboto-mono-v13-latin-500d41d.eot]
[www.w3schools.com/lib/fonts/roboto-mono-v13-latin-500.woff]
[www.w3schools.com/lib/fonts/roboto-mono-v13-latin-500.woff2]
[www.w3schools.com/lib/fonts/roboto-mono-v13-latin-500.svg]
[www.w3schools.com/lib/fonts/roboto-mono-v13-latin-500.ttf]
[www.w3schools.com/lib/fonts/SourceSansPro-Regular.eot]
[www.w3schools.com/lib/fonts/SourceSansPro-Regular.woff2]
[www.w3schools.com/lib/fonts/SourceSansPro-Regular.woff]
[www.w3schools.com/lib/fonts/SourceSansPro-Regulard41d.eot]
[www.w3schools.com/lib/fonts/SourceSansPro-Regular.ttf]
[www.w3schools.com/lib/fonts/SourceSansPro-Regular.svg]
[www.w3schools.com/lib/fonts/source-sans-pro-v14-latin-700d41d.eot]
[www.w3schools.com/lib/fonts/source-sans-pro-v14-latin-700.woff2]
[www.w3schools.com/lib/fonts/source-sans-pro-v14-latin-700.eot]
[www.w3schools.com/lib/fonts/source-sans-pro-v14-latin-700.ttf]
[www.w3schools.com/lib/fonts/source-sans-pro-v14-latin-700.woff]
[www.w3schools.com/lib/fonts/source-sans-pro-v14-latin-700.svg]
[www.w3schools.com/lib/fonts/source-sans-pro-v14-latin-600d41d.eot]
[www.w3schools.com/lib/fonts/source-sans-pro-v14-latin-600.woff2]
[www.w3schools.com/lib/fonts/source-sans-pro-v14-latin-600.ttf]
[www.w3schools.com/lib/fonts/source-sans-pro-v14-latin-600.woff]
[www.w3schools.com/lib/fonts/source-sans-pro-v14-latin-600.svg]
[www.w3schools.com/lib/fonts/freckle-face-v9-latin-regular.eot]
[www.w3schools.com/lib/fonts/freckle-face-v9-latin-regulard41d.eot]
[www.w3schools.com/lib/fonts/freckle-face-v9-latin-regular.woff2]
[www.w3schools.com/lib/fonts/freckle-face-v9-latin-regular.woff]
[www.w3schools.com/lib/fonts/source-sans-pro-v14-latin-600.eot]
[www.w3schools.com/lib/fonts/freckle-face-v9-latin-regular.ttf]
[www.w3schools.com/lib/fonts/montserrat-v18-latin-regular.eot]
[www.w3schools.com/lib/fonts/freckle-face-v9-latin-regular.svg]
[www.w3schools.com/lib/fonts/montserrat-v18-latin-regular.woff2]
[www.w3schools.com/lib/fonts/montserrat-v18-latin-regular.woff]
[www.w3schools.com/lib/fonts/montserrat-v18-latin-regular.ttf]
[www.w3schools.com/lib/fonts/montserrat-v18-latin-regulard41d.eot]
[www.w3schools.com/lib/fonts/fontawesome8deb.eot]
[www.w3schools.com/lib/fonts/fontawesome8deb.woff2]
[www.w3schools.com/lib/fonts/fontawesome8deb.ttf]
[www.w3schools.com/lib/fonts/fontawesome8deb.woff]
[www.w3schools.com/lib/w3schools32f700.css]
[www.w3schools.com/lib/fonts/fontawesome8deb.svg]
[www.w3schools.com/plus/plans/path1.svg]
[www.w3schools.com/plus/plans/path2.svg]
[www.w3schools.com/plus/plans/bg.svg]
[www.w3schools.com/plus/plans/bg2.svg]
[www.w3schools.com/plus/plans/main.css]
[www.w3schools.com/lib/prism1.css]
[www.googletagmanager.com/gtm5445.html]
[www.w3schools.com/cs/python/index.html]
[www.w3schools.com/cs/numpy/index.html]
[www.w3schools.com/cs/pandas/index.html]
[www.w3schools.com/cs/scipy/index.html]
[www.w3schools.com/cs/w3.html]
[www.w3schools.com/cs/w3-2.html]
[www.w3schools.com/lib/fonts/montserrat-v18-latin-regular.svg]
[www.w3schools.com/cs/exercisef5ec.html]
[www.w3schools.com/cs/index.html]
[www.w3schools.com/cs/node.html]
[www.w3schools.com/cs/cs_exercises.html]
[www.w3schools.com/cs/cs_quiz.html]
[www.w3schools.com/cs/trycse374.html]
[www.w3schools.com/cs/trycs6072.html]
[www.w3schools.com/cs/trycs1575.html]
[www.w3schools.com/cs/trycsf51e.html]
[www.w3schools.com/cs/trycs53c0.html]
[www.w3schools.com/cs/trycsf8a1.html]
[www.w3schools.com/cs/trycs0f78.html]
[www.w3schools.com/cs/trycs88ae.html]
[www.w3schools.com/cs/cs_data_types.html]
[www.w3schools.com/cs/trycs0595.html]
[www.w3schools.com/cs/exercisec32b.html]
[cdnjs.cloudflare.com/ajax/libs/font-awesome/4.7.0/css/font-awesome.min.css]
[www.w3schools.com/spaces/workspace.jpg]
[www.w3schools.com/spaces/kai_ribbon.png]
[www.w3schools.com/spaces/languages.png]
[www.w3schools.com/spaces/blog_template.png]
[www.w3schools.com/spaces/portfolio_template.png]
[www.w3schools.com/spaces/tutor_template.png]
[www.w3schools.com/spaces/domain.png]
[www.w3schools.com/spaces/community-image.jpg]
[www.w3schools.com/spaces/spaces.png]
[www.w3schools.com/spaces/debug.png]
[www.w3schools.com/spaces/database.png]
[www.w3schools.com/spaces/env.png]
[www.w3schools.com/spaces/package.png]
[www.w3schools.com/spaces/analytics.png]
[www.w3schools.com/spaces/discord.png]
[www.w3schools.com/cs/cs_server.html]
[www.w3schools.com/lib/w3schools31.css]
[www.w3schools.com/lib/codemirror_multi.css]
[www.w3schools.com/spaces/webshop_template.png]
[www.w3schools.com/lib/codemirror_clike.js]
[www.w3schools.com/cs/trycs4c57.html]
[www.w3schools.com/cs/cs_intro.html]
[www.w3schools.com/lib/codemirror_multi.js]
[www.w3schools.com/cs/Workload.png]
[www.w3schools.com/cs/Newproject.png]
[www.w3schools.com/cs/Consoleapp.png]
[www.w3schools.com/spaces/files.png]
[www.w3schools.com/cs/saveas.png]
[www.w3schools.com/cs/cs_getstarted.html]
[www.w3schools.com/cs/Program.png]
[www.w3schools.com/cs/cs_syntax.html]
[www.w3schools.com/cs/trycsd953.html]
[www.w3schools.com/cs/trycsf64e.html]
[www.w3schools.com/cs/trycsfdde.html]
[www.w3schools.com/cs/cs_output.html]
[www.w3schools.com/cs/trycs66bd.html]
[www.w3schools.com/cs/trycs6624.html]
[www.w3schools.com/cs/trycs9b1e.html]
[www.w3schools.com/cs/exercise4045.html]
[www.w3schools.com/cs/cs_comments.html]
[www.w3schools.com/cs/Newproject2.png]
[www.w3schools.com/cs/trycsb9f1.html]
[www.w3schools.com/cs/trycsc04f.html]
[www.w3schools.com/cs/trycs8f3f.html]
[www.w3schools.com/cs/cs_variables.html]
[www.w3schools.com/cs/trycs45c1.html]
[www.w3schools.com/cs/cs_variables_constants.html]
[www.w3schools.com/cs/trycs27d8.html]
[www.w3schools.com/cs/trycs92c0.html]
[www.w3schools.com/cs/trycs6311.html]
[www.w3schools.com/cs/cs_variables_display.html]
[www.w3schools.com/cs/trycs86da.html]
[www.w3schools.com/cs/trycsf80d.html]
[www.w3schools.com/cs/cs_variables_multiple.html]
[www.w3schools.com/cs/trycs85de.html]
[www.w3schools.com/cs/trycs1a41.html]
[www.w3schools.com/cs/cs_variables_identifiers.html]
[www.w3schools.com/cs/exercise4829.html]
[www.w3schools.com/cs/trycsbfd5.html]
[www.w3schools.com/cs/trycs048f.html]
[www.w3schools.com/cs/cs_type_casting.html]
[www.w3schools.com/cs/trycscbd7.html]
[www.w3schools.com/cs/showjava9403.html]
[www.w3schools.com/cs/cs_user_input.html]
[www.w3schools.com/cs/showjavafc5e.html]
[www.w3schools.com/cs/exercisedb40.html]
[www.w3schools.com/cs/trycs0158.html]
[www.w3schools.com/cs/trycs367b.html]
[www.w3schools.com/cs/trycs8646.html]
[www.w3schools.com/cs/trycs74ef.html]
[www.w3schools.com/cs/trycsf7c5.html]
[www.w3schools.com/cs/trycsb2b5.html]
[www.w3schools.com/cs/trycs0265.html]
[www.w3schools.com/cs/trycs5722.html]
[www.w3schools.com/cs/trycsec65.html]
[www.w3schools.com/cs/cs_operators.html]
[www.w3schools.com/cs/exerciseb46c.html]
[www.w3schools.com/cs/trycs0b76.html]
[www.w3schools.com/spaces/dynamicspaces.gif]
[www.w3schools.com/cs/trycs90ce.html]
[www.w3schools.com/cs/trycs9217.html]
[www.w3schools.com/cs/trycs3505.html]
[www.w3schools.com/cs/trycsdc88.html]
[www.w3schools.com/cs/trycs4548.html]
[www.w3schools.com/cs/trycs8cf3.html]
[www.w3schools.com/cs/trycsc771.html]
[www.w3schools.com/cs/trycs011d.html]
[www.w3schools.com/cs/trycsf864.html]
[www.w3schools.com/cs/trycs927e.html]
[www.w3schools.com/cs/cs_operators_assignment.html]
[www.w3schools.com/cs/trycsee40.html]
[www.w3schools.com/cs/trycs47fa.html]
[www.w3schools.com/cs/trycsc14a.html]
[www.w3schools.com/cs/trycs4c20.html]
[www.w3schools.com/cs/trycs77e3.html]
[www.w3schools.com/cs/trycsea8b.html]
[www.w3schools.com/cs/cs_operators_comparison.html]
[www.w3schools.com/cs/trycs9efc.html]
[www.w3schools.com/cs/trycsf4ad.html]
[www.w3schools.com/cs/cs_operators_logical.html]
[www.w3schools.com/cs/trycsfeae.html]
[www.w3schools.com/cs/trycscbf1.html]
[www.w3schools.com/cs/trycs49a3.html]
[www.w3schools.com/cs/trycs6d03.html]
[www.w3schools.com/cs/trycs7154.html]
[www.w3schools.com/cs/trycse746.html]
[www.w3schools.com/cs/trycsaec2.html]
[www.w3schools.com/cs/cs_math.html]
[www.w3schools.com/cs/trycsab6b.html]
[www.w3schools.com/cs/trycs36e2.html]
[www.w3schools.com/cs/trycs9431.html]
[www.w3schools.com/cs/exerciseb9aa.html]
[www.w3schools.com/cs/cs_strings.html]
[www.w3schools.com/cs/trycs3c58.html]
[www.w3schools.com/cs/trycsd28c.html]
[www.w3schools.com/cs/trycs20a2.html]
[www.w3schools.com/cs/trycsa45a.html]
[www.w3schools.com/cs/cs_strings_concat.html]
[www.w3schools.com/cs/trycs82e0.html]
[www.w3schools.com/cs/cs_strings_interpol.html]
[www.w3schools.com/cs/trycs090e.html]
[www.w3schools.com/cs/trycs5014.html]
[www.w3schools.com/cs/trycsb85c.html]
[www.w3schools.com/cs/trycs288e.html]
[www.w3schools.com/cs/cs_strings_access.html]
[www.w3schools.com/cs/trycs14c8.html]
[www.w3schools.com/cs/trycs7584.html]
[www.w3schools.com/cs/trycs73ae.html]
[www.w3schools.com/cs/trycse219.html]
[www.w3schools.com/cs/trycs2f40.html]
[www.w3schools.com/cs/trycs2697.html]
[www.w3schools.com/cs/cs_booleans.html]
[www.w3schools.com/cs/exerciseb806.html]
[www.w3schools.com/cs/trycsef44.html]
[www.w3schools.com/cs/trycs3af5.html]
[www.w3schools.com/cs/cs_conditions.html]
[www.w3schools.com/cs/cs_conditions_else.html]
[www.w3schools.com/cs/trycs0adb.html]
[www.w3schools.com/cs/cs_conditions_elseif.html]
[www.w3schools.com/cs/trycs22ff.html]
[www.w3schools.com/cs/trycscb92.html]
[www.w3schools.com/cs/cs_conditions_shorthand.html]
[www.w3schools.com/cs/exercisee036.html]
[www.w3schools.com/cs/trycs67f3.html]
[www.w3schools.com/cs/trycsd759.html]
[www.w3schools.com/cs/cs_switch.html]
[www.w3schools.com/cs/exercise334c.html]
[www.w3schools.com/cs/cs_strings_chars.html]
[www.w3schools.com/cs/exercise2184.html]
[www.w3schools.com/cs/cs_while_loop.html]
[www.w3schools.com/cs/trycsd956.html]
[www.w3schools.com/cs/trycs232b.html]
[www.w3schools.com/cs/trycse560.html]
[www.w3schools.com/cs/exercised0b1.html]
[www.w3schools.com/cs/cs_for_loop.html]
[www.w3schools.com/cs/trycs041d.html]
[www.w3schools.com/cs/cs_foreach_loop.html]
[www.w3schools.com/cs/trycs934b.html]
[www.w3schools.com/cs/trycs264f.html]
[www.w3schools.com/cs/trycs227c.html]
[www.w3schools.com/cs/trycsa2ab.html]
[www.w3schools.com/cs/cs_break.html]
[www.w3schools.com/cs/cs_arrays.html]
[www.w3schools.com/cs/trycs65e2.html]
[www.w3schools.com/cs/trycs5904.html]
[www.w3schools.com/cs/cs_arrays_loop.html]
[www.w3schools.com/cs/trycsabbb.html]
[www.w3schools.com/cs/cs_arrays_sort.html]
[www.w3schools.com/cs/trycsad9f.html]
[www.w3schools.com/c/col-row.png]
[www.w3schools.com/cs/trycsc020.html]
[www.w3schools.com/cs/trycs73a0.html]
[www.w3schools.com/cs/trycs9659.html]
[www.w3schools.com/cs/cs_arrays_multi.html]
[www.w3schools.com/cs/trycs1995.html]
[www.w3schools.com/cs/trycsc880.html]
[www.w3schools.com/cs/trycsd0b6.html]
[www.w3schools.com/cs/cs_methods.html]
[www.w3schools.com/cs/exercisecca8.html]
[www.w3schools.com/cs/trycs24e5.html]
[www.w3schools.com/cs/cs_method_parameters.html]
[www.w3schools.com/cs/trycs639a.html]
[www.w3schools.com/cs/cs_method_parameters_default.html]
[www.w3schools.com/cs/trycs4fb2.html]
[www.w3schools.com/cs/trycs6802.html]
[www.w3schools.com/cs/trycse076.html]
[www.w3schools.com/cs/cs_method_parameters_return.html]
[www.w3schools.com/cs/cs_method_parameters_named_args.html]
[www.w3schools.com/cs/trycs8d12.html]
[www.w3schools.com/cs/trycsf027.html]
[www.w3schools.com/cs/cs_method_overloading.html]
[www.w3schools.com/cs/cs_oop.html]
[www.w3schools.com/cs/trycscac3.html]
[www.w3schools.com/cs/cs_classes.html]
[www.w3schools.com/cs/trycsd724.html]
[www.w3schools.com/cs/trycs6510.html]
[www.w3schools.com/cs/cs_classes_multi.html]
[www.w3schools.com/cs/trycs_multid39c.html]
[www.w3schools.com/cs/cs_class_members.html]
[www.w3schools.com/cs/trycs3aac.html]
[www.w3schools.com/cs/trycsbe6b.html]
[www.w3schools.com/cs/trycsbd89.html]
[www.w3schools.com/cs/trycs_multi2ccd.html]
[www.w3schools.com/cs/cs_constructors.html]
[www.w3schools.com/cs/trycs_multib6d8.html]
[www.w3schools.com/cs/cs_properties.html]
[www.w3schools.com/cs/trycs_multi8640.html]
[www.w3schools.com/cs/trycs43ac.html]
[www.w3schools.com/cs/showjava_classes36f74.html]
[www.w3schools.com/cs/cs_inheritance.html]
[www.w3schools.com/cs/trycsb2f9.html]
[www.w3schools.com/cs/cs_polymorphism.html]
[www.w3schools.com/cs/trycs78c9.html]
[www.w3schools.com/cs/cs_abstract.html]
[www.w3schools.com/cs/trycsa5a7.html]
[www.w3schools.com/cs/cs_interface.html]
[www.w3schools.com/cs/trycs64f2.html]
[www.w3schools.com/cs/cs_interface_multi.html]
[www.w3schools.com/cs/trycs793b.html]
[www.w3schools.com/cs/showjava7b8a.html]
[www.w3schools.com/cs/cs_files.html]
[www.w3schools.com/cs/trycsd82b.html]
[www.w3schools.com/cs/trycs73d2.html]
[www.w3schools.com/cs/cs_enums.html]
[www.w3schools.com/cs/cs_exceptions.html]
[www.w3schools.com/cs/trycs72b8.html]
[www.w3schools.com/cs/trycs61af.html]
[www.w3schools.com/cs/trycs5484.html]
[www.w3schools.com/cs/trycs8f95.html]
[www.w3schools.com/cs/trycsc10c.html]
[www.w3schools.com/cs/trycscfc7.html]
[www.w3schools.com/cs/cs_examples.html]
[www.w3schools.com/cs/trycscbf8.html]
[www.w3schools.com/spaces/how-spaces-works3.png]
[www.w3schools.com/cs/cs_compiler.html]
[www.w3schools.com/cs/img_cert_csharp.jpg]
[www.w3schools.com/cs/cs_exam.html]
[www.w3schools.com/cs/trycsd88a.html]
[www.w3schools.com/cs/trycs_multi7d33.html]
[www.w3schools.com/cs/trycs_multi2f35.html]
[www.w3schools.com/lib/fonts/source-code-pro-v14-latin-regular.svg]
[www.w3schools.com/lib/fonts/roboto-mono-v13-latin-500.svg]
[www.w3schools.com/cs/trycsfd41.html]
[www.w3schools.com/lib/fonts/SourceSansPro-Regular.svg]
[www.w3schools.com/lib/fonts/source-sans-pro-v14-latin-700.svg]
[www.w3schools.com/lib/fonts/source-sans-pro-v14-latin-600.svg]
[www.w3schools.com/lib/fonts/freckle-face-v9-latin-regular.svg]
[www.w3schools.com/lib/fonts/montserrat-v18-latin-regular.svg]
[www.w3schools.com/lib/fonts/fontawesome8deb.svg]
[www.w3schools.com/plus/plans/path1.svg]
[www.w3schools.com/plus/plans/path2.svg]
[www.w3schools.com/plus/plans/bg.svg]
[www.w3schools.com/plus/plans/bg2.svg]
[www.w3schools.com/lib/topnav/maine5ea.css]
[www.w3schools.com/lib/codemirror.css]
[connect.facebook.net/nb_NO/sdk.js]
[www.w3schools.com/cs/exercise96a8.html]
[www.w3schools.com/cs/exercise48a7.html]
[www.w3schools.com/cs/exercise0685.html]
[www.w3schools.com/cs/exercise8b26.html]
[www.w3schools.com/cs/exercise470a.html]
[www.w3schools.com/cs/exercise0986.html]
[www.w3schools.com/cs/exercise677c.html]
[www.w3schools.com/cs/exercise6d20.html]
[www.w3schools.com/cs/exercise59b3.html]
[www.w3schools.com/cs/exercise4c03.html]
[www.w3schools.com/cs/exercisec60b.html]
[www.w3schools.com/cs/exerciseb1ec.html]
[www.w3schools.com/cs/exercised482.html]
[www.w3schools.com/cs/exercise1a14.html]
[www.w3schools.com/cs/exerciseae1a.html]
[www.w3schools.com/cs/exerciseb611.html]
[www.w3schools.com/cs/exerciseaf48.html]
[www.w3schools.com/cs/exercise392d.html]
[www.w3schools.com/cs/exercisef71c.html]
[www.w3schools.com/cs/exercisedd45.html]
[www.w3schools.com/cs/exercise4225.html]
[www.w3schools.com/cs/exercisef723.html]
[www.w3schools.com/cs/exercise69a8.html]
[www.w3schools.com/cs/exercise4800.html]
[www.w3schools.com/cs/exercise79fd.html]
[www.w3schools.com/cs/exercise4995.html]
[www.w3schools.com/cs/exercisefbaf.html]
[www.w3schools.com/cs/exercise996a.html]
[www.w3schools.com/cs/exercise2171.html]
[www.w3schools.com/cs/exercisee7ec.html]
[www.w3schools.com/cs/exercise9d27.html]
[www.w3schools.com/cs/exercisebf42.html]
[www.w3schools.com/cs/exercise3558.html]
[www.w3schools.com/cs/exerciseefff.html]
[www.w3schools.com/cs/exercise6a52.html]
[www.w3schools.com/cs/exercise37be.html]
[www.w3schools.com/cs/exercise77fe.html]
[www.w3schools.com/cs/exercisec88d.html]
[www.w3schools.com/cs/exercise3e6e.html]
[www.w3schools.com/cs/exercised008.html]
[www.w3schools.com/cs/exercise9a3b.html]
[www.w3schools.com/cs/exercise09f8.html]
[www.w3schools.com/cs/exercise84fb.html]
[www.w3schools.com/cs/exercise8219.html]
[www.w3schools.com/cs/exercise0fdc.html]
[www.w3schools.com/lib/codemirror_jsx.js]
[www.w3schools.com/cs/exercisef5ec.html]
[www.w3schools.com/cs/React.html]
[www.w3schools.com/cs/trycs1575.html]
[www.w3schools.com/cs/trycse374.html]
[www.w3schools.com/cs/trycs6072.html]
[www.w3schools.com/cs/trycs0f78.html]
[www.w3schools.com/cs/trycs53c0.html]
[www.w3schools.com/cs/trycsf51e.html]
[www.w3schools.com/cs/trycsf8a1.html]
[www.w3schools.com/cs/trycs88ae.html]
[www.w3schools.com/cs/trycs0595.html]
[www.w3schools.com/cs/exercisec32b.html]
[cdnjs.cloudflare.com/ajax/libs/font-awesome/4.7.0/css/font-awesome.min.css]
[www.w3schools.com/cs/check.html]
[www.w3schools.com/lib/w3schools31.css]
[www.w3schools.com/lib/codemirror_multi.css]
[www.w3schools.com/cs/trycsd953.html]
[www.w3schools.com/cs/trycsf64e.html]
[www.w3schools.com/cs/trycsfdde.html]
[www.w3schools.com/cs/trycs1a41.html]
[www.w3schools.com/cs/trycs66bd.html]
[www.w3schools.com/cs/trycs6624.html]
[www.w3schools.com/cs/trycs9b1e.html]
[www.w3schools.com/cs/exercise4045.html]
[www.w3schools.com/cs/trycsc04f.html]
[www.w3schools.com/cs/trycsb9f1.html]
[www.w3schools.com/cs/trycs8f3f.html]
[www.w3schools.com/cs/trycs45c1.html]
[www.w3schools.com/cs/trycs92c0.html]
[www.w3schools.com/cs/trycs27d8.html]
[www.w3schools.com/cs/trycs6311.html]
[www.w3schools.com/cs/trycs86da.html]
[www.w3schools.com/cs/trycsf80d.html]
[www.w3schools.com/cs/trycs85de.html]
[www.w3schools.com/cs/trycsbfd5.html]
[www.w3schools.com/cs/exercise4829.html]
[www.w3schools.com/cs/trycs048f.html]
[www.w3schools.com/cs/trycscbd7.html]
[www.w3schools.com/lib/prism1.js]
[www.w3schools.com/cs/showjava9403.html]
[www.w3schools.com/cs/showjavafc5e.html]
[www.w3schools.com/cs/exercisedb40.html]
[www.w3schools.com/cs/trycs0158.html]
[www.w3schools.com/cs/trycs367b.html]
[www.w3schools.com/cs/trycs8646.html]
[www.w3schools.com/cs/trycs74ef.html]
[www.w3schools.com/cs/trycsb2b5.html]
[www.w3schools.com/cs/trycsf7c5.html]
[www.w3schools.com/lib/codemirror.js]
[www.w3schools.com/cs/trycs5722.html]
[www.w3schools.com/cs/trycs0265.html]
[www.w3schools.com/cs/trycsec65.html]
[www.w3schools.com/cs/exerciseb46c.html]
[www.w3schools.com/cs/trycs0b76.html]
[www.w3schools.com/cs/trycs9217.html]
[www.w3schools.com/cs/trycs90ce.html]
[www.w3schools.com/cs/trycsdc88.html]
[www.w3schools.com/cs/trycs3505.html]
[www.w3schools.com/cs/trycs4548.html]
[www.w3schools.com/cs/trycs8cf3.html]
[www.w3schools.com/cs/trycsc771.html]
[www.w3schools.com/cs/trycs011d.html]
[www.w3schools.com/cs/trycs927e.html]
[www.w3schools.com/cs/trycsf864.html]
[www.w3schools.com/cs/trycsee40.html]
[www.w3schools.com/cs/trycsc14a.html]
[www.w3schools.com/cs/trycs47fa.html]
[www.w3schools.com/cs/trycs4c20.html]
[www.w3schools.com/cs/trycs77e3.html]
[www.w3schools.com/cs/trycsea8b.html]
[www.w3schools.com/cs/trycs9efc.html]
[www.w3schools.com/cs/trycseb25.html]
[www.w3schools.com/cs/trycsf4ad.html]
[www.w3schools.com/cs/trycscbf1.html]
[www.w3schools.com/cs/trycsfeae.html]
[www.w3schools.com/cs/trycs6d03.html]
[www.w3schools.com/cs/trycs49a3.html]
[www.w3schools.com/cs/trycs7154.html]
[www.w3schools.com/cs/trycse746.html]
[www.w3schools.com/cs/trycsaec2.html]
[www.w3schools.com/cs/exerciseb9aa.html]
[www.w3schools.com/cs/trycsab6b.html]
[www.w3schools.com/cs/trycs36e2.html]
[www.w3schools.com/cs/trycs9431.html]
[www.w3schools.com/cs/trycs3c58.html]
[www.w3schools.com/cs/trycsd28c.html]
[www.w3schools.com/cs/trycsa45a.html]
[www.w3schools.com/cs/trycs20a2.html]
[www.w3schools.com/cs/trycs82e0.html]
[www.w3schools.com/cs/trycs090e.html]
[www.w3schools.com/cs/trycsb85c.html]
[www.w3schools.com/cs/trycs5014.html]
[www.w3schools.com/cs/trycs288e.html]
[www.w3schools.com/cs/trycs14c8.html]
[www.w3schools.com/cs/trycsda77.html]
[www.w3schools.com/cs/trycs5833.html]
[www.w3schools.com/cs/trycsea12.php]
[www.w3schools.com/cs/trycsb5b3.html]
[www.w3schools.com/cs/trycsd6e6.html]
[www.w3schools.com/cs/cs_strings_chars.html]
[www.w3schools.com/cs/trycsd956.html]
[www.w3schools.com/cs/trycs7584.html]
[www.w3schools.com/cs/trycs73ae.html]
[www.w3schools.com/cs/trycs2697.html]
[www.w3schools.com/cs/trycse219.html]
[www.w3schools.com/cs/trycs2f40.html]
[www.w3schools.com/cs/trycs6a86.html]
[www.w3schools.com/cs/exerciseb806.html]
[www.w3schools.com/cs/trycsef44.html]
[www.w3schools.com/cs/trycs3af5.html]
[www.w3schools.com/cs/trycs0adb.html]
[www.w3schools.com/cs/trycs22ff.html]
[www.w3schools.com/cs/trycscb92.html]
[www.w3schools.com/cs/exercisee036.html]
[www.w3schools.com/cs/trycs67f3.html]
[www.w3schools.com/cs/trycsd759.html]
[www.w3schools.com/cs/exercise334c.html]
[www.w3schools.com/cs/trycs65e2.html]
[www.w3schools.com/cs/exercise2184.html]
[www.w3schools.com/cs/trycs232b.html]
[www.w3schools.com/cs/trycse560.html]
[www.w3schools.com/cs/exercised0b1.html]
[www.w3schools.com/cs/trycs041d.html]
[www.w3schools.com/cs/trycs934b.html]
[www.w3schools.com/cs/trycs264f.html]
[www.w3schools.com/cs/trycs227c.html]
[www.w3schools.com/cs/trycsa2ab.html]
[www.w3schools.com/cs/trycsdb4c.html]
[www.w3schools.com/cs/cs_arrays.html]
[www.w3schools.com/cs/trycs5904.html]
[www.w3schools.com/cs/trycsabbb.html]
[www.w3schools.com/cs/trycsad9f.html]
[www.w3schools.com/cs/trycsc020.html]
[www.w3schools.com/cs/trycs4793.html]
[www.w3schools.com/cs/trycs9659.html]
[www.w3schools.com/cs/trycs73a0.html]
[www.w3schools.com/cs/trycs1995.html]
[www.w3schools.com/cs/trycsc880.html]
[www.w3schools.com/cs/trycsd0b6.html]
[www.w3schools.com/cs/exercisecca8.html]
[www.w3schools.com/cs/trycs24e5.html]
[www.w3schools.com/cs/trycs639a.html]
[www.w3schools.com/cs/trycs4fb2.html]
[www.w3schools.com/cs/trycsed0c.html]
[www.w3schools.com/cs/trycs6802.html]
[www.w3schools.com/cs/trycs43ac.html]
[www.w3schools.com/cs/trycse076.html]
[www.w3schools.com/cs/trycsd724.html]
[www.w3schools.com/cs/trycs8d12.html]
[www.w3schools.com/cs/trycsf027.html]
[www.w3schools.com/cs/trycscac3.html]
[www.w3schools.com/cs/trycs6510.html]
[www.w3schools.com/cs/trycs_multid39c.html]
[www.w3schools.com/cs/trycs772e.html]
[www.w3schools.com/cs/trycs4dad.html]
[www.w3schools.com/cs/cs_class_members.html]
[www.w3schools.com/cs/trycs9948.html]
[www.w3schools.com/cs/trycs3aac.html]
[www.w3schools.com/cs/trycsbe6b.html]
[www.w3schools.com/cs/trycsbd89.html]
[www.w3schools.com/cs/trycs_multi2ccd.html]
[www.w3schools.com/cs/trycs_multi8640.html]
[www.w3schools.com/cs/trycs_multib6d8.html]
[www.w3schools.com/cs/showjava_classes36f74.html]
[www.w3schools.com/cs/trycsb2f9.html]
[www.w3schools.com/cs/trycs78c9.html]
[www.w3schools.com/cs/trycsa5a7.html]
[www.w3schools.com/cs/trycs64f2.html]
[www.w3schools.com/cs/trycs793b.html]
[www.w3schools.com/cs/trycs2207.html]
[www.w3schools.com/cs/trycs12b9.html]
[www.w3schools.com/cs/trycs9356.html]
[www.w3schools.com/cs/trycs_multib184.html]
[www.w3schools.com/cs/trycsd23e.html]
[www.w3schools.com/cs/cs_enums.html]
[www.w3schools.com/cs/showjava7b8a.html]
[www.w3schools.com/cs/trycsd82b.html]
[www.w3schools.com/cs/trycscfc7.html]
[www.w3schools.com/cs/trycs73d2.html]
[www.w3schools.com/cs/trycs72b8.html]
[www.w3schools.com/cs/trycs57c1.html]
[www.w3schools.com/cs/cs_howto_add_two_numbers.html]
[www.w3schools.com/cs/cs_howto_add_two_numbers.html]
[www.w3schools.com/cs/trycs61af.html]
[www.w3schools.com/cs/trycs5484.html]
[www.w3schools.com/cs/trycs8f95.html]
[www.w3schools.com/cs/trycsc10c.html]
[www.w3schools.com/cs/trycscbf8.html]
[www.w3schools.com/cs/trycsfd41.html]
[www.w3schools.com/lib/fonts/uni0300.html]
[www.w3schools.com/lib/fonts/uni0300-2.html]
[www.w3schools.com/lib/fonts/uni0301.html]
[www.w3schools.com/lib/fonts/uni0301-2.html]
[www.w3schools.com/lib/fonts/uni0302.html]
[www.w3schools.com/lib/fonts/uni0303.html]
[www.w3schools.com/lib/fonts/uni0304.html]
[www.w3schools.com/lib/fonts/uni0305.html]
[www.w3schools.com/lib/fonts/uni0306.html]
[www.w3schools.com/lib/fonts/uni0307.html]
[www.w3schools.com/lib/fonts/uni0308.html]
[www.w3schools.com/lib/fonts/uni0309.html]
[www.w3schools.com/lib/fonts/uni030A.html]
[www.w3schools.com/lib/fonts/uni030B.html]
[www.w3schools.com/lib/fonts/uni030C.html]
[www.w3schools.com/lib/fonts/uni030F.html]
[www.w3schools.com/lib/fonts/uni0311.html]
[www.w3schools.com/lib/fonts/uni0312.html]
[www.w3schools.com/lib/fonts/uni0313.html]
[www.w3schools.com/lib/fonts/uni0327.html]
[www.w3schools.com/lib/fonts/uni0328.html]
[www.w3schools.com/lib/fonts/uni0342.html]
[www.w3schools.com/lib/fonts/uni03080301.html]
[www.w3schools.com/lib/fonts/uni03080300.html]
[www.w3schools.com/lib/fonts/uni03080300-2.html]
[www.w3schools.com/lib/fonts/uni03080304.html]
[www.w3schools.com/lib/fonts/uni0308030C.html]
[www.w3schools.com/lib/fonts/uni03020301.html]
[www.w3schools.com/lib/fonts/uni03020300.html]
[www.w3schools.com/lib/fonts/uni03020309.html]
[www.w3schools.com/lib/fonts/uni03020303.html]
[www.w3schools.com/lib/fonts/uni03060301.html]
[www.w3schools.com/lib/fonts/uni03060300.html]
[www.w3schools.com/lib/fonts/uni03060309.html]
[www.w3schools.com/lib/fonts/uni03060303.html]
[www.w3schools.com/lib/topnav/maine5ea.css]
[www.w3schools.com/lib/codemirror.css]
[www.w3schools.com/cs/api.exercise.html]
[connect.facebook.net/nb_NO/sdk.js]
[www.w3schools.com/cs/exercise4ec8.html]
[www.w3schools.com/cs/exercisebf42.html]
[www.w3schools.com/cs/exercise96a8.html]
[www.w3schools.com/cs/trycs07a3.html]
[www.w3schools.com/cs/exercise48a7.html]
[www.w3schools.com/cs/exercise0685.html]
[www.w3schools.com/cs/exercise470a.html]
[www.w3schools.com/cs/exercise8b26.html]
[www.w3schools.com/cs/exercise0986.html]
[www.w3schools.com/cs/exercise677c.html]
[www.w3schools.com/cs/exercise6d20.html]
[www.w3schools.com/cs/exercised482.html]
[www.w3schools.com/cs/exercise59b3.html]
[www.w3schools.com/cs/exercise4c03.html]
[www.w3schools.com/cs/exercisec60b.html]
[www.w3schools.com/cs/exerciseb1ec.html]
[www.w3schools.com/cs/exercise1a14.html]
[www.w3schools.com/cs/exercise4800.html]
[www.w3schools.com/cs/exerciseae1a.html]
[www.w3schools.com/cs/exerciseb611.html]
[www.w3schools.com/cs/exerciseaf48.html]
[www.w3schools.com/cs/exercise392d.html]
[www.w3schools.com/cs/exercisef71c.html]
[www.w3schools.com/cs/exercisedd45.html]
[www.w3schools.com/cs/exercise4225.html]
[www.w3schools.com/cs/exercisef723.html]
[www.w3schools.com/cs/exercise69a8.html]
[www.w3schools.com/cs/exercise4995.html]
[www.w3schools.com/cs/exercise79fd.html]
[www.w3schools.com/cs/exercisefbaf.html]
[www.w3schools.com/cs/exercise996a.html]
[www.w3schools.com/cs/exercise2171.html]
[www.w3schools.com/cs/exercisee7ec.html]
[www.w3schools.com/cs/exercise9d27.html]
[www.w3schools.com/cs/exercise3558.html]
[www.w3schools.com/cs/exercise77fe.html]
[www.w3schools.com/cs/exerciseefff.html]
[www.w3schools.com/cs/exercise6a52.html]
[www.w3schools.com/cs/exercise37be.html]
[www.w3schools.com/cs/exercise84fb.html]
[www.w3schools.com/cs/exercisec88d.html]
[www.w3schools.com/cs/exercise3e6e.html]
[www.w3schools.com/cs/exercise9a3b.html]
[www.w3schools.com/cs/exercised008.html]
[www.w3schools.com/cs/exercise09f8.html]
[www.w3schools.com/cs/exercise8219.html]
[www.w3schools.com/cs/exercise0fdc.html]
[www.w3schools.com/cs/trycseb25.html]
[www.w3schools.com/cs/trycsea12.php]
[www.w3schools.com/cs/trycs5833.html]
[www.w3schools.com/cs/trycsda77.html]
[www.w3schools.com/cs/trycsb5b3.html]
[www.w3schools.com/cs/trycsd6e6.html]
[www.w3schools.com/cs/trycs6a86.html]
[www.w3schools.com/cs/trycsdb4c.html]
[www.w3schools.com/cs/trycsed0c.html]
[www.w3schools.com/cs/trycs4793.html]
[www.w3schools.com/cs/trycs772e.html]
[www.w3schools.com/cs/trycs4dad.html]
[www.w3schools.com/cs/trycs2207.html]
[www.w3schools.com/cs/trycs9948.html]
[www.w3schools.com/cs/trycs_multib184.html]
[www.w3schools.com/cs/trycs12b9.html]
[www.w3schools.com/cs/trycs9356.html]
[www.w3schools.com/cs/trycsd23e.html]
[www.w3schools.com/cs/trycs57c1.html]
[www.w3schools.com/cs/trycs07a3.html]
